<?xml version="1.0" encoding="UTF-8"?>
<!-- Generated by org.testng.reporters.JUnitXMLReporter -->
<testsuite hostname="User-PC" ignored="0" name="Test" tests="1" failures="1" timestamp="20 Jan 2019 22:39:57 GMT" time="23.751" errors="0">
  <testcase name="homePageTest1" time="9.233" classname="com.nike.allpages.test.RemoveTest">
    <failure type="java.lang.AssertionError" message="expected [true] but found [false]">
      <![CDATA[java.lang.AssertionError: expected [true] but found [false]
at com.nike.all_pages.HomePage.homePage_LogoCheck(HomePage.java:102)
at com.nike.allpages.test.RemoveTest.homePageTest1(RemoveTest.java:35)
... Removed 29 stack frames]]>
    </failure>
  </testcase> <!-- homePageTest1 -->
</testsuite> <!-- Test -->
